{"/home/edilson/projects/word-count/src/modules/word/services/CountWordService.ts": {"path":"/home/edilson/projects/word-count/src/modules/word/services/CountWordService.ts","all":false,"statementMap":{"0":{"start":{"line":1,"column":0},"end":{"line":1,"column":50}},"1":{"start":{"line":2,"column":0},"end":{"line":2,"column":0}},"2":{"start":{"line":3,"column":0},"end":{"line":3,"column":24}},"3":{"start":{"line":4,"column":0},"end":{"line":4,"column":72}},"4":{"start":{"line":5,"column":0},"end":{"line":5,"column":55}},"5":{"start":{"line":6,"column":0},"end":{"line":6,"column":44}},"6":{"start":{"line":7,"column":0},"end":{"line":7,"column":41}},"7":{"start":{"line":8,"column":0},"end":{"line":8,"column":38}},"8":{"start":{"line":9,"column":0},"end":{"line":9,"column":0}},"9":{"start":{"line":10,"column":0},"end":{"line":10,"column":33}},"10":{"start":{"line":11,"column":0},"end":{"line":11,"column":55}},"11":{"start":{"line":12,"column":0},"end":{"line":12,"column":18}},"12":{"start":{"line":13,"column":0},"end":{"line":13,"column":25}},"13":{"start":{"line":14,"column":0},"end":{"line":14,"column":14}},"14":{"start":{"line":15,"column":0},"end":{"line":15,"column":20}},"15":{"start":{"line":16,"column":0},"end":{"line":16,"column":15}},"16":{"start":{"line":17,"column":0},"end":{"line":17,"column":19}},"17":{"start":{"line":18,"column":0},"end":{"line":18,"column":11}},"18":{"start":{"line":19,"column":0},"end":{"line":19,"column":7}},"19":{"start":{"line":20,"column":0},"end":{"line":20,"column":7}},"20":{"start":{"line":21,"column":0},"end":{"line":21,"column":0}},"21":{"start":{"line":22,"column":0},"end":{"line":22,"column":59}},"22":{"start":{"line":23,"column":0},"end":{"line":23,"column":49}},"23":{"start":{"line":24,"column":0},"end":{"line":24,"column":0}},"24":{"start":{"line":25,"column":0},"end":{"line":25,"column":20}},"25":{"start":{"line":26,"column":0},"end":{"line":26,"column":3}},"26":{"start":{"line":27,"column":0},"end":{"line":27,"column":1}},"27":{"start":{"line":28,"column":0},"end":{"line":28,"column":0}},"28":{"start":{"line":29,"column":0},"end":{"line":29,"column":28}}},"s":{"0":1,"1":1,"2":1,"3":1,"4":1,"5":1,"6":1,"7":1,"8":1,"9":1,"10":42,"11":42,"12":15,"13":42,"14":27,"15":27,"16":27,"17":27,"18":27,"19":1,"20":1,"21":1,"22":1,"23":1,"24":1,"25":1,"26":1,"27":1,"28":1},"branchMap":{"0":{"type":"branch","line":3,"loc":{"start":{"line":3,"column":0},"end":{"line":27,"column":1}},"locations":[{"start":{"line":3,"column":0},"end":{"line":27,"column":1}}]},"1":{"type":"branch","line":3,"loc":{"start":{"line":3,"column":0},"end":{"line":27,"column":1}},"locations":[{"start":{"line":3,"column":0},"end":{"line":27,"column":1}}]},"2":{"type":"branch","line":4,"loc":{"start":{"line":4,"column":2},"end":{"line":26,"column":3}},"locations":[{"start":{"line":4,"column":2},"end":{"line":26,"column":3}}]},"3":{"type":"branch","line":10,"loc":{"start":{"line":10,"column":22},"end":{"line":20,"column":5}},"locations":[{"start":{"line":10,"column":22},"end":{"line":20,"column":5}}]},"4":{"type":"branch","line":12,"loc":{"start":{"line":12,"column":17},"end":{"line":14,"column":13}},"locations":[{"start":{"line":12,"column":17},"end":{"line":14,"column":13}}]},"5":{"type":"branch","line":14,"loc":{"start":{"line":14,"column":7},"end":{"line":19,"column":7}},"locations":[{"start":{"line":14,"column":7},"end":{"line":19,"column":7}}]},"6":{"type":"branch","line":11,"loc":{"start":{"line":11,"column":31},"end":{"line":11,"column":39}},"locations":[{"start":{"line":11,"column":31},"end":{"line":11,"column":39}}]},"7":{"type":"branch","line":22,"loc":{"start":{"line":22,"column":30},"end":{"line":22,"column":41}},"locations":[{"start":{"line":22,"column":30},"end":{"line":22,"column":41}}]}},"b":{"0":[1],"1":[1],"2":[1],"3":[42],"4":[15],"5":[27],"6":[553],"7":[84]},"fnMap":{"0":{"name":"CountWordService","decl":{"start":{"line":3,"column":0},"end":{"line":27,"column":1}},"loc":{"start":{"line":3,"column":0},"end":{"line":27,"column":1}},"line":3},"1":{"name":"Object.<anonymous>.CountWordService.execute","decl":{"start":{"line":4,"column":2},"end":{"line":26,"column":3}},"loc":{"start":{"line":4,"column":2},"end":{"line":26,"column":3}},"line":4}},"f":{"0":1,"1":1}}
}
