TN:
SF:src/modules/word/services/CountWordService.ts
FN:3,CountWordService
FN:4,Object.<anonymous>.CountWordService.execute
FNF:2
FNH:2
FNDA:1,CountWordService
FNDA:1,Object.<anonymous>.CountWordService.execute
DA:1,1
DA:2,1
DA:3,1
DA:4,1
DA:5,1
DA:6,1
DA:7,1
DA:8,1
DA:9,1
DA:10,1
DA:11,42
DA:12,42
DA:13,15
DA:14,42
DA:15,27
DA:16,27
DA:17,27
DA:18,27
DA:19,27
DA:20,1
DA:21,1
DA:22,1
DA:23,1
DA:24,1
DA:25,1
DA:26,1
DA:27,1
DA:28,1
DA:29,1
LF:29
LH:29
BRDA:3,0,0,1
BRDA:3,1,0,1
BRDA:4,2,0,1
BRDA:10,3,0,42
BRDA:12,4,0,15
BRDA:14,5,0,27
BRDA:11,6,0,553
BRDA:22,7,0,84
BRF:8
BRH:8
end_of_record
